[debug] [2022-10-07T04:15:05.637Z] ----------------------------------------------------------------------
[debug] [2022-10-07T04:15:05.638Z] Command:       C:\Program Files\nodejs\node.exe C:\Users\dell\AppData\Roaming\npm\node_modules\firebase-tools\lib\bin\firebase.js init
[debug] [2022-10-07T04:15:05.639Z] CLI Version:   10.9.2
[debug] [2022-10-07T04:15:05.639Z] Platform:      win32
[debug] [2022-10-07T04:15:05.639Z] Node Version:  v14.17.4
[debug] [2022-10-07T04:15:05.645Z] Time:          Fri Oct 07 2022 09:45:05 GMT+0530 (India Standard Time)
[debug] [2022-10-07T04:15:05.645Z] ----------------------------------------------------------------------
[debug] 
[debug] [2022-10-07T04:15:05.648Z] >>> [apiv2][query] GET https://firebase-public.firebaseio.com/cli.json [none]
[debug] [2022-10-07T04:15:05.723Z] > command requires scopes: ["email","openid","https://www.googleapis.com/auth/cloudplatformprojects.readonly","https://www.googleapis.com/auth/firebase","https://www.googleapis.com/auth/cloud-platform"]
[debug] [2022-10-07T04:15:05.724Z] > authorizing via signed-in user (tejasshelke040402@gmail.com)
[info] 
     ######## #### ########  ######## ########     ###     ######  ########
     ##        ##  ##     ## ##       ##     ##  ##   ##  ##       ##
     ######    ##  ########  ######   ########  #########  ######  ######
     ##        ##  ##    ##  ##       ##     ## ##     ##       ## ##
     ##       #### ##     ## ######## ########  ##     ##  ######  ########

You're about to initialize a Firebase project in this directory:

  D:\Projects\portfolio-website

Before we get started, keep in mind:

  * You are initializing within an existing Firebase project directory

[debug] [2022-10-07T04:15:06.320Z] <<< [apiv2][status] GET https://firebase-public.firebaseio.com/cli.json 200
[debug] [2022-10-07T04:15:06.320Z] <<< [apiv2][body] GET https://firebase-public.firebaseio.com/cli.json {"cloudBuildErrorAfter":1594252800000,"cloudBuildWarnAfter":1590019200000,"defaultNode10After":1594252800000,"minVersion":"3.0.5","node8DeploysDisabledAfter":1613390400000,"node8RuntimeDisabledAfter":1615809600000,"node8WarnAfter":1600128000000}
